<?xml version="1.0" encoding="UTF-8"?>
<testng-results skipped="0" failed="0" total="1" passed="1">
  <reporter-output>
  </reporter-output>
  <suite name="Default suite" duration-ms="11710" started-at="2017-05-31T15:55:19Z" finished-at="2017-05-31T15:55:31Z">
    <groups>
    </groups>
    <test name="Default test" duration-ms="11710" started-at="2017-05-31T15:55:19Z" finished-at="2017-05-31T15:55:31Z">
      <class name="LoginFlight">
        <test-method status="PASS" signature="loginTest()[pri:0, instance:LoginFlight@49a9542c]" name="loginTest" duration-ms="11673" started-at="2017-05-31T21:25:19Z" finished-at="2017-05-31T21:25:31Z">
          <reporter-output>
          </reporter-output>
        </test-method> <!-- loginTest -->
      </class> <!-- LoginFlight -->
    </test> <!-- Default test -->
  </suite> <!-- Default suite -->
</testng-results>
